Log file open, 03/30/15 14:34:17
LogInit:Display: Running engine for game: unreal_src
LogInit: Version: 4.7.3-2479750+++depot+UE4-Releases+4.7
LogInit: API Version: 2455222
LogInit: Compiled (64-bit): Mar 15 2015 23:20:45
LogInit: Compiled with Visual C++: 18.00.21005.01
LogInit: Build Configuration: Development
LogInit: Branch Name: ++depot+UE4-Releases+4.7
LogInit: Command line: 
LogInit: Base directory: D:/Epic Games/4.7/Engine/Binaries/Win64/
LogInit: Rocket: 1
[2015.03.30-12.34.17:682][  0]LogTaskGraph: Started task graph with 3 named threads and 6 total threads.
[2015.03.30-12.34.17:733][  0]LogOnline:Warning: No default platform service specified for OnlineSubsystem
[2015.03.30-12.34.17:742][  0]LogInit: Presizing for 0 objects not considered by GC, pre-allocating 0 bytes.
[2015.03.30-12.34.17:751][  0]LogInit: Object subsystem initialized
[2015.03.30-12.34.17:755][  0]LogInit: Selected Device Profile: [Windows]
[2015.03.30-12.34.17:755][  0]LogInit: Applying CVar settings loaded from the selected device profile: [Windows]
[2015.03.30-12.34.17:758][  0]LogInit: Computer: LIMUL
[2015.03.30-12.34.17:758][  0]LogInit: User: lubou000
[2015.03.30-12.34.17:758][  0]LogInit: CPU Page size=4096, Cores=4
[2015.03.30-12.34.17:758][  0]LogInit: High frequency timer resolution =2.435771 MHz
[2015.03.30-12.34.17:759][  0]LogMemory: Memory total: Physical=15.9GB (16GB approx) Virtual=131072.0GB
[2015.03.30-12.34.17:759][  0]LogMemory: Platform Memory Stats for Windows
[2015.03.30-12.34.17:759][  0]LogMemory: Process Physical Memory: 45.21 MB used, 45.21 MB peak
[2015.03.30-12.34.17:759][  0]LogMemory: Process Virtual Memory: 24.46 MB used, 24.46 MB peak
[2015.03.30-12.34.17:759][  0]LogMemory: Physical Memory: 4878.90 MB used, 16301.70 MB total
[2015.03.30-12.34.17:759][  0]LogMemory: Virtual Memory: 287.55 MB used, 134217728.00 MB total
[2015.03.30-12.34.17:783][  0]LogD3D11RHI: Found D3D11 adapter 0: NVIDIA GeForce GTX 970M  (Feature Level 11_0)
[2015.03.30-12.34.17:783][  0]LogD3D11RHI: Adapter has 2922MB of dedicated video memory, 0MB of dedicated system memory, and 8150MB of shared system memory, 1 output[s]
[2015.03.30-12.34.17:789][  0]LogD3D11RHI: Found D3D11 adapter 1: Intel(R) HD Graphics 4600 (Feature Level 11_0)
[2015.03.30-12.34.17:789][  0]LogD3D11RHI: Adapter has 0MB of dedicated video memory, 0MB of dedicated system memory, and 1792MB of shared system memory, 0 output[s]
[2015.03.30-12.34.17:790][  0]LogD3D11RHI: Found D3D11 adapter 2: Microsoft Basic Render Driver (Feature Level 11_0)
[2015.03.30-12.34.17:790][  0]LogD3D11RHI: Adapter has 0MB of dedicated video memory, 0MB of dedicated system memory, and 256MB of shared system memory, 0 output[s]
[2015.03.30-12.34.17:791][  0]LogD3D11RHI: Chosen D3D11 Adapter Id = 0
[2015.03.30-12.34.17:794][  0]LogRHI: Texture pool is 1361 MB (70% of 1945 MB)
[2015.03.30-12.34.17:803][  0]LogD3D11RHI: Async texture creation enabled
[2015.03.30-12.34.17:857][  0]LogTextLocalizationManager: The requested culture ('fr_FR') has no localization data; falling back to 'en' for localization and internationalization data.
[2015.03.30-12.34.17:935][  0]LogTextLocalizationManager:Warning: Loading localization resources contain conflicting entries for (Namespace:UICommands, Key:Save_ToolTip):
Resource: (D:/Epic Games/4.7/Engine/Content/Localization/Editor/en/Editor.locres) Hash: (-29098895) String: (Saves the current level to disk)
Resource: (D:/Epic Games/4.7/Engine/Content/Localization/Engine/en/Engine.locres) Hash: (-1280300587) String: (Save selected data to vlog file)
[2015.03.30-12.34.17:935][  0]LogTextLocalizationManager:Warning: Loading localization resources contain conflicting entries for (Namespace:ContentBrowser, Key:ImportAssetToolTip):
Resource: (D:/Epic Games/4.7/Engine/Content/Localization/Editor/en/Editor.locres) Hash: (-630476809) String: (Import to {0}...)
Resource: (D:/Epic Games/4.7/Engine/Content/Localization/Editor/en/Editor.locres) Hash: (1271782899) String: (Imports an asset from file to this folder.)
[2015.03.30-12.34.18:009][  0]LogContentStreaming: Texture pool size is 0.000000MB
[2015.03.30-12.34.19:860][  0]LogTargetPlatformManager:Display: Building Assets For Windows
[2015.03.30-12.34.20:300][  0]LogTargetPlatformManager:Display: Building Assets For Windows
[2015.03.30-12.34.20:344][  0]LogDerivedDataCache:Display: Max Cache Size: 512 MB
[2015.03.30-12.34.20:383][  0]LogDerivedDataCache: Loaded boot cache 0.04s 39MB C:/Users/lubou_000/AppData/Local/UnrealEngine/4.7/DerivedDataCache/Boot.ddc.
[2015.03.30-12.34.20:383][  0]LogDerivedDataCache:Display: Loaded Boot cache: C:/Users/lubou_000/AppData/Local/UnrealEngine/4.7/DerivedDataCache/Boot.ddc
[2015.03.30-12.34.20:383][  0]LogDerivedDataCache: FDerivedDataBackendGraph:  Pak pak cache file ../../../../../gime_gummy_drugs/unreal_src/DerivedDataCache/DDC.ddp not found, will not use a pak cache.
[2015.03.30-12.34.20:383][  0]LogDerivedDataCache: Unable to find inner node Pak for hierarchical cache Hierarchy.
[2015.03.30-12.34.20:489][  0]LogDerivedDataCache:Display: Pak cache opened for reading ../../../Engine/DerivedDataCache/Compressed.ddp.
[2015.03.30-12.34.20:501][  0]LogDerivedDataCache: Using Local data cache path C:/Users/lubou_000/AppData/Local/UnrealEngine/Common/DerivedDataCache: Writable
[2015.03.30-12.34.20:739][  0]LogMeshUtilities: No automatic mesh reduction module available
[2015.03.30-12.34.20:739][  0]LogMeshUtilities: No automatic mesh merging module available
[2015.03.30-12.34.21:068][  0]LogInit: WinSock: version 1.1 (2.2), MaxSocks=32767, MaxUdp=65467
[2015.03.30-12.34.21:122][  0]LogSlate:Warning: Failed to load font data from '../../../Engine/Content/Slate/Fonts/Roboto-Italic.ttf'
[2015.03.30-12.34.21:900][  0]UdpMessaging: Initializing bridge on interface 0.0.0.0:0 to multicast group 230.0.0.1:6666.
[2015.03.30-12.34.22:051][  0]SourceControl: Info Source control is disabled
[2015.03.30-12.34.22:051][  0]SourceControl: Info Source control is disabled
[2015.03.30-12.34.22:051][  0]SourceControl: Info Source control is disabled
[2015.03.30-12.34.22:051][  0]LogSourceControl: RunCommandInternalRaw: 'git version'
[2015.03.30-12.34.22:051][  0]LogSourceControl: RunCommandInternalRaw: ExecProcess ReturnCode=2 OutResults=''
[2015.03.30-12.34.22:057][  0]SourceControl: Info Source control is disabled
[2015.03.30-12.34.22:184][  0]LogObj: 24231 objects as part of root set at end of initial load.
[2015.03.30-12.34.22:184][  0]LogUObjectAllocator: 5136432 out of 0 bytes used by permanent object pool.
[2015.03.30-12.34.22:252][  0]LogEngine: Initializing Engine...
[2015.03.30-12.34.24:383][  0]LogInit: XAudio2 using 'Speakers (Realtek High Definition Audio)' : 2 channels at 48 kHz using 32 bits per sample (channel mask 0x3)
[2015.03.30-12.34.24:707][  0]LogInit: FAudioDevice initialized.
[2015.03.30-12.34.24:731][  0]LogAIModule: Creating AISystem for world NewWorld
[2015.03.30-12.34.24:750][  0]LogDerivedDataCache: Saved boot cache 0.02s 39MB C:/Users/lubou_000/AppData/Local/UnrealEngine/4.7/DerivedDataCache/Boot.ddc.
[2015.03.30-12.34.24:753][  0]LogInit: Texture streaming: Enabled
[2015.03.30-12.34.24:821][  0]LogAnalytics: Creating configured Analytics provider AnalyticsET
[2015.03.30-12.34.24:821][  0]LogAnalytics: ET APIKey = Rocket.Release. APIServer = http://et2.epicgames.com/ET2/. AppVersion = 4.7.3-2479750+++depot+UE4-Releases+4.7
[2015.03.30-12.34.24:821][  0]LogAnalytics: ET APIKey = Rocket.Release. DataRouterUploadURL = https://datarouter-public-service-gamedev.ol.epicgames.net/datarouter/api/v1/public/data. AppVersion = 4.7.3-2479750+++depot+UE4-Releases+4.7
[2015.03.30-12.34.24:821][  0]LogAnalytics: SetUserId 2264a4d34c200998deb4a2a02a4806fa|609fb78e7e5d4ea7a9fe2a7ce8ff314b|8b7e49f6-b406-42f2-828d-d4b9bc44ace1
[2015.03.30-12.34.24:821][  0]LogAnalytics: AnalyticsET::StartSession [Rocket.Release]
[2015.03.30-12.34.24:843][  0]LogInit: Transaction tracking system initialized
[2015.03.30-12.34.24:959][  0]BlueprintLog: New page: Editor Load
[2015.03.30-12.34.24:986][  0]LogAssetRegistry: FAssetRegistry took 0.0111 seconds to 